{
"contracts/BasicDutchAuction.sol":{"l":{"129":21,"130":21,"131":21,"132":21,"133":21,"134":21,"135":21,"136":21,"137":21,"138":21,"139":21,"144":11,"145":11,"146":10,"147":10,"149":9,"151":4,"154":9,"155":9,"159":0,"160":0,"163":0,"167":0,"170":0,"176":0,"177":0,"182":4,"183":4,"185":3,"187":3,"189":3,"194":2,"195":2,"198":1,"199":1,"202":1,"205":1,"209":1,"210":1,"213":1,"214":1,"217":1,"220":1,"223":1},"path":"/Users/dineshpabbati/Desktop/v6.0/contracts/BasicDutchAuction.sol","s":{"1":21,"2":21,"3":11,"4":11,"5":10,"6":10,"7":9,"8":0,"9":0,"10":0,"11":0,"12":0,"13":4,"14":4,"15":3,"16":3,"17":2,"18":2,"19":1,"20":1,"21":1,"22":1,"23":1,"24":1,"25":1,"26":1,"27":1},"b":{"1":[21,0],"2":[11,0],"3":[10,1],"4":[10,0],"5":[9,1],"6":[4,5],"7":[0,0],"8":[4,0],"9":[3,1],"10":[3,0],"11":[2,0],"12":[1,1],"13":[1,0],"14":[1,0],"15":[1,0],"16":[1,0]},"f":{"1":21,"2":11,"3":0,"4":0,"5":0,"6":0,"7":0,"8":4,"9":2,"10":1},"fnMap":{"1":{"name":"constructor","line":124,"loc":{"start":{"line":124,"column":4},"end":{"line":140,"column":4}}},"2":{"name":"bid","line":143,"loc":{"start":{"line":143,"column":4},"end":{"line":156,"column":4}}},"3":{"name":"currentPrice","line":158,"loc":{"start":{"line":158,"column":5},"end":{"line":161,"column":4}}},"4":{"name":"isAuctionOpen","line":162,"loc":{"start":{"line":162,"column":5},"end":{"line":164,"column":4}}},"5":{"name":"blockDifference","line":166,"loc":{"start":{"line":166,"column":4},"end":{"line":168,"column":4}}},"6":{"name":"currentBlock","line":169,"loc":{"start":{"line":169,"column":5},"end":{"line":171,"column":4}}},"7":{"name":"finalize","line":175,"loc":{"start":{"line":175,"column":4},"end":{"line":178,"column":4}}},"8":{"name":"endAuction","line":181,"loc":{"start":{"line":181,"column":4},"end":{"line":191,"column":4}}},"9":{"name":"refund","line":193,"loc":{"start":{"line":193,"column":4},"end":{"line":206,"column":4}}},"10":{"name":"withdrawRefund","line":208,"loc":{"start":{"line":208,"column":4},"end":{"line":224,"column":4}}}},"statementMap":{"1":{"start":{"line":134,"column":8},"end":{"line":134,"column":79}},"2":{"start":{"line":135,"column":8},"end":{"line":135,"column":84}},"3":{"start":{"line":144,"column":8},"end":{"line":144,"column":59}},"4":{"start":{"line":145,"column":8},"end":{"line":145,"column":78}},"5":{"start":{"line":146,"column":8},"end":{"line":146,"column":72}},"6":{"start":{"line":147,"column":8},"end":{"line":147,"column":83}},"7":{"start":{"line":149,"column":8},"end":{"line":149,"column":5156}},"8":{"start":{"line":159,"column":8},"end":{"line":159,"column":52}},"9":{"start":{"line":160,"column":8},"end":{"line":160,"column":71}},"10":{"start":{"line":163,"column":8},"end":{"line":163,"column":56}},"11":{"start":{"line":167,"column":8},"end":{"line":167,"column":41}},"12":{"start":{"line":170,"column":8},"end":{"line":170,"column":27}},"13":{"start":{"line":182,"column":8},"end":{"line":182,"column":59}},"14":{"start":{"line":183,"column":8},"end":{"line":183,"column":75}},"15":{"start":{"line":187,"column":8},"end":{"line":187,"column":6244}},"16":{"start":{"line":189,"column":12},"end":{"line":189,"column":38}},"17":{"start":{"line":194,"column":8},"end":{"line":194,"column":54}},"18":{"start":{"line":195,"column":8},"end":{"line":195,"column":87}},"19":{"start":{"line":198,"column":8},"end":{"line":198,"column":48}},"20":{"start":{"line":199,"column":8},"end":{"line":199,"column":49}},"21":{"start":{"line":205,"column":8},"end":{"line":205,"column":39}},"22":{"start":{"line":209,"column":8},"end":{"line":209,"column":54}},"23":{"start":{"line":210,"column":8},"end":{"line":210,"column":85}},"24":{"start":{"line":213,"column":8},"end":{"line":213,"column":54}},"25":{"start":{"line":214,"column":8},"end":{"line":214,"column":57}},"26":{"start":{"line":220,"column":8},"end":{"line":220,"column":49}},"27":{"start":{"line":223,"column":8},"end":{"line":223,"column":55}}},"branchMap":{"1":{"line":135,"type":"if","locations":[{"start":{"line":135,"column":8},"end":{"line":135,"column":8}},{"start":{"line":135,"column":8},"end":{"line":135,"column":8}}]},"2":{"line":144,"type":"if","locations":[{"start":{"line":144,"column":8},"end":{"line":144,"column":8}},{"start":{"line":144,"column":8},"end":{"line":144,"column":8}}]},"3":{"line":145,"type":"if","locations":[{"start":{"line":145,"column":8},"end":{"line":145,"column":8}},{"start":{"line":145,"column":8},"end":{"line":145,"column":8}}]},"4":{"line":146,"type":"if","locations":[{"start":{"line":146,"column":8},"end":{"line":146,"column":8}},{"start":{"line":146,"column":8},"end":{"line":146,"column":8}}]},"5":{"line":147,"type":"if","locations":[{"start":{"line":147,"column":8},"end":{"line":147,"column":8}},{"start":{"line":147,"column":8},"end":{"line":147,"column":8}}]},"6":{"line":149,"type":"if","locations":[{"start":{"line":149,"column":8},"end":{"line":149,"column":8}},{"start":{"line":149,"column":8},"end":{"line":149,"column":8}}]},"7":{"line":159,"type":"if","locations":[{"start":{"line":159,"column":8},"end":{"line":159,"column":8}},{"start":{"line":159,"column":8},"end":{"line":159,"column":8}}]},"8":{"line":182,"type":"if","locations":[{"start":{"line":182,"column":8},"end":{"line":182,"column":8}},{"start":{"line":182,"column":8},"end":{"line":182,"column":8}}]},"9":{"line":183,"type":"if","locations":[{"start":{"line":183,"column":8},"end":{"line":183,"column":8}},{"start":{"line":183,"column":8},"end":{"line":183,"column":8}}]},"10":{"line":187,"type":"if","locations":[{"start":{"line":187,"column":8},"end":{"line":187,"column":8}},{"start":{"line":187,"column":8},"end":{"line":187,"column":8}}]},"11":{"line":194,"type":"if","locations":[{"start":{"line":194,"column":8},"end":{"line":194,"column":8}},{"start":{"line":194,"column":8},"end":{"line":194,"column":8}}]},"12":{"line":195,"type":"if","locations":[{"start":{"line":195,"column":8},"end":{"line":195,"column":8}},{"start":{"line":195,"column":8},"end":{"line":195,"column":8}}]},"13":{"line":199,"type":"if","locations":[{"start":{"line":199,"column":8},"end":{"line":199,"column":8}},{"start":{"line":199,"column":8},"end":{"line":199,"column":8}}]},"14":{"line":209,"type":"if","locations":[{"start":{"line":209,"column":8},"end":{"line":209,"column":8}},{"start":{"line":209,"column":8},"end":{"line":209,"column":8}}]},"15":{"line":210,"type":"if","locations":[{"start":{"line":210,"column":8},"end":{"line":210,"column":8}},{"start":{"line":210,"column":8},"end":{"line":210,"column":8}}]},"16":{"line":214,"type":"if","locations":[{"start":{"line":214,"column":8},"end":{"line":214,"column":8}},{"start":{"line":214,"column":8},"end":{"line":214,"column":8}}]}}}}
