TN:
SF:/Users/dineshpabbati/Desktop/v6.0/contracts/BasicDutchAuction.sol
FN:124,constructor
FN:143,bid
FN:158,currentPrice
FN:162,isAuctionOpen
FN:166,blockDifference
FN:169,currentBlock
FN:175,finalize
FN:181,endAuction
FN:193,refund
FN:208,withdrawRefund
FNF:10
FNH:5
FNDA:21,constructor
FNDA:11,bid
FNDA:0,currentPrice
FNDA:0,isAuctionOpen
FNDA:0,blockDifference
FNDA:0,currentBlock
FNDA:0,finalize
FNDA:4,endAuction
FNDA:2,refund
FNDA:1,withdrawRefund
DA:129,21
DA:130,21
DA:131,21
DA:132,21
DA:133,21
DA:134,21
DA:135,21
DA:136,21
DA:137,21
DA:138,21
DA:139,21
DA:144,11
DA:145,11
DA:146,10
DA:147,10
DA:149,9
DA:151,4
DA:154,9
DA:155,9
DA:159,0
DA:160,0
DA:163,0
DA:167,0
DA:170,0
DA:176,0
DA:177,0
DA:182,4
DA:183,4
DA:185,3
DA:187,3
DA:189,3
DA:194,2
DA:195,2
DA:198,1
DA:199,1
DA:202,1
DA:205,1
DA:209,1
DA:210,1
DA:213,1
DA:214,1
DA:217,1
DA:220,1
DA:223,1
LF:44
LH:37
BRDA:135,1,0,21
BRDA:135,1,1,0
BRDA:144,2,0,11
BRDA:144,2,1,0
BRDA:145,3,0,10
BRDA:145,3,1,1
BRDA:146,4,0,10
BRDA:146,4,1,0
BRDA:147,5,0,9
BRDA:147,5,1,1
BRDA:149,6,0,4
BRDA:149,6,1,5
BRDA:159,7,0,0
BRDA:159,7,1,0
BRDA:182,8,0,4
BRDA:182,8,1,0
BRDA:183,9,0,3
BRDA:183,9,1,1
BRDA:187,10,0,3
BRDA:187,10,1,0
BRDA:194,11,0,2
BRDA:194,11,1,0
BRDA:195,12,0,1
BRDA:195,12,1,1
BRDA:199,13,0,1
BRDA:199,13,1,0
BRDA:209,14,0,1
BRDA:209,14,1,0
BRDA:210,15,0,1
BRDA:210,15,1,0
BRDA:214,16,0,1
BRDA:214,16,1,0
BRF:32
BRH:20
end_of_record
